Could not read previous export (for caching), doing full export.
statusbar-2-3-2-2: Exporting image
navbar-2-3-2-2: Exporting image
Topbar-2-3-2-2: Exporting image
phonebook: Exporting image
Contact Names: Exporting image
Contact 5: Exporting image
Contact 4: Exporting image
Contact 3: Exporting image
Contact 2: Exporting image
Contact 1: Exporting image
backgroundCategories copy 2: Exporting image
backgroundGroup: Exporting image
Back: Exporting image
Icon-5: Exporting image
Title-5: Exporting image
Photo-5: Exporting image
Background-5: Exporting image
Icon-4: Exporting image
Title-4: Exporting image
Photo-4: Exporting image
Background-4: Exporting image
Icon-3: Exporting image
Title-3: Exporting image
Photo-3: Exporting image
Background-3: Exporting image
Icon-2-2: Exporting image
Title-2-2: Exporting image
Photo-2-2: Exporting image
Background-2-2: Exporting image
Icon-2: Exporting image
Title-2: Exporting image
Photo-2: Exporting image
Background-2: Exporting image
Icon: Exporting image
Title: Exporting image
Photo: Exporting image
Background: Exporting image
statusbar-2-3-2-2-2: Exporting image
navbar-2-3-2-2-2: Exporting image
Topbar-2-3-2-2-2: Exporting image
backgroundCategories: Exporting image
statusbar-2-3-2-2-2-2: Exporting image
navbar-2-3-2-2-2-2: Exporting image
Topbar-2-3-2-2-2-2: Exporting image
Top: Exporting image
Hour Controls: Exporting image
Minute Controls: Exporting image
AM-PM Button: Exporting image
Panel: Exporting image
Title-2-3: Exporting image
Background-2-3: Exporting image
Back-2: Exporting image
Next-2: Exporting image
backgroundCategories copy: Exporting image
statusbar-2-3-2-2-2-2-2: Exporting image
navbar-2-3-2-2-2-2-2: Exporting image
Topbar-2-3-2-2-2-2-2: Exporting image
HillySlider: Exporting image
bikesSlider copy: Exporting image
bikesSlider: Exporting image
funnySlider: Exporting image
ScenicSlider: Exporting image
GrassSlider: Exporting image
UnexpectedSlider copy: Exporting image
UnexpectedSlider: Exporting image
Lines: Exporting image
TextSettings: Exporting image
backgroundCategories-2-2-2 copy 2: Exporting image
statusbar-2-3-2-2-2-2-2-2: Exporting image
navbar-2-3-2-2-2-2-2-2: Exporting image
Topbar-2-3-2-2-2-2-2-2: Exporting image
food: Exporting image
foodIcon: Exporting image
cafe: Exporting image
bar: Exporting image
park: Exporting image
shopping: Exporting image
art: Exporting image
backgroundCategories-2-2-2 copy: Exporting image
curious: Exporting image
start: Exporting image
see: Exporting image
Currentdrift: Exporting image
statusbar-2-3-2: Exporting image
navbar-2-3-2: Exporting image
Topbar-2-3-2: Exporting image
backgroundCategories-2-2-2: Exporting image
content: Exporting image
statusbar-2-3-2-3: Exporting image
navbar-2-3-2-3: Exporting image
Topbar-2-3-2-3: Exporting image
backgroundCategories-2-2-2-2: Exporting image
124 views changed
Success: /Users/ruchitarathi/Documents/resources/DeriveWatchApp/framer/DeriveWatchInteraction2.framer/imported/DeriveWatchNew
